INFO:     Will watch for changes in these directories: ['C:\\Users\\Joa\\Downloads\\MIRRA3_V']
INFO:     Uvicorn running on http://127.0.0.1:8000 (Press CTRL+C to quit)
INFO:     Started reloader process [46304] using StatReload

> mirra-frontend@0.1.0 dev
> next dev -p 4000

  ▲ Next.js 14.2.0
  - Local:        http://localhost:4000
  - Environments: .env.local, .env

 ✓ Starting...
C:\Users\Joa\AppData\Local\Programs\Python\Python314\Lib\site-packages\linebot\v3\webhooks\api\dummy.py:18: UserWarning: Core Pydantic V1 functionality isn't compatible with Python 3.14 or greater.
  from pydantic.v1 import validate_arguments, ValidationError
C:\Users\Joa\Downloads\MIRRA3_V\backend\app\services\video_analysis_service.py:1: FutureWarning: 

All support for the `google.generativeai` package has ended. It will no longer be receiving 
updates or bug fixes. Please switch to the `google.genai` package as soon as possible.
See README for more details:

https://github.com/google-gemini/deprecated-generative-ai-python/blob/main/README.md

  import google.generativeai as genai
[DB] No DATABASE_URL found, using local SQLite (C:\Users\Joa\Downloads\MIRRA3_V\backend\test.db)
[WEB] Module web.py loaded!
INFO:     Started server process [17716]
INFO:     Waiting for application startup.
INFO:     Application startup complete.
 ✓ Ready in 1759ms
 ○ Compiling / ...
 ✓ Compiled / in 3s (1274 modules)
 GET / 200 in 3404ms
 ✓ Compiled in 364ms (642 modules)
[System] Starting up... Scanning for Skills...
[SkillRegistry] Scanning for skills in C:\Users\Joa\Downloads\MIRRA3_V\backend\app\skills...
[SkillRegistry] Registered skill: BaZi Calculator (bazi-calc)
[SkillRegistry] Registered skill: Demo Skill (demo-skill)
[SkillRegistry] Discovered 2 skills.
[System] Initializing Database...
[DB] Database tables created successfully.
INFO:     127.0.0.1:10553 - "GET /api/health HTTP/1.1" 200 OK
INFO:     127.0.0.1:5738 - "GET / HTTP/1.1" 200 OK
INFO:     127.0.0.1:10553 - "GET /api/health HTTP/1.1" 200 OK
INFO:     127.0.0.1:5738 - "GET / HTTP/1.1" 200 OK
[WEB] trigger_simulation called! salt=0, video=https://www.w3schools.com/html/mov_bbb.mp4
Traceback (most recent call last):
  File "C:\Users\Joa\Downloads\MIRRA3_V\backend\app\core\database.py", line 337, in get_random_citizens
    if "occupation" in filters:
       ^^^^^^^^^^^^^^^^^^^^^^^
TypeError: argument of type 'NoneType' is not a container or iterable
[Ghost] Runtime DB: sqlite:///C:\Users\Joa\Downloads\MIRRA3_V\backend\test.db
[DB] No citizens matching filters found (Filters: None). Triggering Fallback...
[ERROR] Random sample failed: argument of type 'NoneType' is not a container or iterable
[SQL] Simulation 73e8fc5d-09c8-4e79-9e4b-6ce6b075789a created
INFO:     127.0.0.1:2671 - "POST /api/web/trigger HTTP/1.1" 200 OK
ERROR:    Exception in ASGI application
Traceback (most recent call last):
  File "C:\Users\Joa\Downloads\MIRRA3_V\backend\app\services\line_bot_service.py", line 1565, in run_simulation_with_image_data
    print(f"\U0001f3ac [Integration] Analyzing video URL: {video_url}")
    ~~~~~^^^^^^^^^^^^^^^^^^^^^^^^^^^^^^^^^^^^^^^^^^^^^^^^^^^^^^
UnicodeEncodeError: 'cp950' codec can't encode character '\U0001f3ac' in position 0: illegal multibyte sequence

During handling of the above exception, another exception occurred:

Traceback (most recent call last):
  File "C:\Users\Joa\Downloads\MIRRA3_V\backend\app\services\line_bot_service.py", line 1584, in run_simulation_with_image_data
    print(f"\u26a0\ufe0f [Integration] Video analysis failed, skipping: {ve}")
    ~~~~~^^^^^^^^^^^^^^^^^^^^^^^^^^^^^^^^^^^^^^^^^^^^^^^^^^^^^^^^^^^
UnicodeEncodeError: 'cp950' codec can't encode character '\u26a0' in position 0: illegal multibyte sequence

During handling of the above exception, another exception occurred:

Traceback (most recent call last):
  File "C:\Users\Joa\AppData\Local\Programs\Python\Python314\Lib\site-packages\uvicorn\protocols\http\h11_impl.py", line 410, in run_asgi
    result = await app(  # type: ignore[func-returns-value]
             ^^^^^^^^^^^^^^^^^^^^^^^^^^^^^^^^^^^^^^^^^^^^^^
        self.scope, self.receive, self.send
        ^^^^^^^^^^^^^^^^^^^^^^^^^^^^^^^^^^^
    )
    ^
  File "C:\Users\Joa\AppData\Local\Programs\Python\Python314\Lib\site-packages\uvicorn\middleware\proxy_headers.py", line 60, in __call__
    return await self.app(scope, receive, send)
           ^^^^^^^^^^^^^^^^^^^^^^^^^^^^^^^^^^^^
  File "C:\Users\Joa\AppData\Local\Programs\Python\Python314\Lib\site-packages\fastapi\applications.py", line 1135, in __call__
    await super().__call__(scope, receive, send)
  File "C:\Users\Joa\AppData\Local\Programs\Python\Python314\Lib\site-packages\starlette\applications.py", line 107, in __call__
    await self.middleware_stack(scope, receive, send)
  File "C:\Users\Joa\AppData\Local\Programs\Python\Python314\Lib\site-packages\starlette\middleware\errors.py", line 186, in __call__
    raise exc
  File "C:\Users\Joa\AppData\Local\Programs\Python\Python314\Lib\site-packages\starlette\middleware\errors.py", line 164, in __call__
    await self.app(scope, receive, _send)
  File "C:\Users\Joa\AppData\Local\Programs\Python\Python314\Lib\site-packages\starlette\middleware\cors.py", line 93, in __call__
    await self.simple_response(scope, receive, send, request_headers=headers)
  File "C:\Users\Joa\AppData\Local\Programs\Python\Python314\Lib\site-packages\starlette\middleware\cors.py", line 144, in simple_response
    await self.app(scope, receive, send)
  File "C:\Users\Joa\AppData\Local\Programs\Python\Python314\Lib\site-packages\starlette\middleware\exceptions.py", line 63, in __call__
    await wrap_app_handling_exceptions(self.app, conn)(scope, receive, send)
  File "C:\Users\Joa\AppData\Local\Programs\Python\Python314\Lib\site-packages\starlette\_exception_handler.py", line 53, in wrapped_app
    raise exc
  File "C:\Users\Joa\AppData\Local\Programs\Python\Python314\Lib\site-packages\starlette\_exception_handler.py", line 42, in wrapped_app
    await app(scope, receive, sender)
  File "C:\Users\Joa\AppData\Local\Programs\Python\Python314\Lib\site-packages\fastapi\middleware\asyncexitstack.py", line 18, in __call__
    await self.app(scope, receive, send)
  File "C:\Users\Joa\AppData\Local\Programs\Python\Python314\Lib\site-packages\starlette\routing.py", line 716, in __call__
    await self.middleware_stack(scope, receive, send)
  File "C:\Users\Joa\AppData\Local\Programs\Python\Python314\Lib\site-packages\starlette\routing.py", line 736, in app
    await route.handle(scope, receive, send)
  File "C:\Users\Joa\AppData\Local\Programs\Python\Python314\Lib\site-packages\starlette\routing.py", line 290, in handle
    await self.app(scope, receive, send)
  File "C:\Users\Joa\AppData\Local\Programs\Python\Python314\Lib\site-packages\fastapi\routing.py", line 115, in app
    await wrap_app_handling_exceptions(app, request)(scope, receive, send)
  File "C:\Users\Joa\AppData\Local\Programs\Python\Python314\Lib\site-packages\starlette\_exception_handler.py", line 53, in wrapped_app
    raise exc
  File "C:\Users\Joa\AppData\Local\Programs\Python\Python314\Lib\site-packages\starlette\_exception_handler.py", line 42, in wrapped_app
    await app(scope, receive, sender)
  File "C:\Users\Joa\AppData\Local\Programs\Python\Python314\Lib\site-packages\fastapi\routing.py", line 102, in app
    await response(scope, receive, send)
  File "C:\Users\Joa\AppData\Local\Programs\Python\Python314\Lib\site-packages\starlette\responses.py", line 167, in __call__
    await self.background()
  File "C:\Users\Joa\AppData\Local\Programs\Python\Python314\Lib\site-packages\starlette\background.py", line 36, in __call__
    await task()
  File "C:\Users\Joa\AppData\Local\Programs\Python\Python314\Lib\site-packages\starlette\background.py", line 21, in __call__
    await self.func(*self.args, **self.kwargs)
  File "C:\Users\Joa\Downloads\MIRRA3_V\backend\app\services\line_bot_service.py", line 2580, in run_simulation_with_image_data
    print(f"[{sim_id}] CRASH: {error_msg}\n{tb}")
    ~~~~~^^^^^^^^^^^^^^^^^^^^^^^^^^^^^^^^^^^^^^^^
UnicodeEncodeError: 'cp950' codec can't encode character '\U0001f3ac' in position 312: illegal multibyte sequence
 ○ Compiling /watch/[id] ...
 ✓ Compiled /watch/[id] in 915ms (1457 modules)
INFO:     127.0.0.1:2978 - "GET /simulation/73e8fc5d-09c8-4e79-9e4b-6ce6b075789a HTTP/1.1" 200 OK
INFO:     127.0.0.1:1311 - "GET /simulation/73e8fc5d-09c8-4e79-9e4b-6ce6b075789a HTTP/1.1" 200 OK
 ✓ Compiled /_not-found in 353ms (1460 modules)
 GET /taiwan-map.png 404 in 462ms
INFO:     127.0.0.1:1311 - "GET /simulation/73e8fc5d-09c8-4e79-9e4b-6ce6b075789a HTTP/1.1" 200 OK
INFO:     127.0.0.1:1311 - "GET /simulation/73e8fc5d-09c8-4e79-9e4b-6ce6b075789a HTTP/1.1" 200 OK
INFO:     127.0.0.1:1311 - "GET /simulation/73e8fc5d-09c8-4e79-9e4b-6ce6b075789a HTTP/1.1" 200 OK
INFO:     127.0.0.1:1311 - "GET /simulation/73e8fc5d-09c8-4e79-9e4b-6ce6b075789a HTTP/1.1" 200 OK
INFO:     127.0.0.1:1311 - "GET /simulation/73e8fc5d-09c8-4e79-9e4b-6ce6b075789a HTTP/1.1" 200 OK
INFO:     127.0.0.1:1311 - "GET /simulation/73e8fc5d-09c8-4e79-9e4b-6ce6b075789a HTTP/1.1" 200 OK
INFO:     127.0.0.1:1311 - "GET /simulation/73e8fc5d-09c8-4e79-9e4b-6ce6b075789a HTTP/1.1" 200 OK
INFO:     127.0.0.1:1311 - "GET /simulation/73e8fc5d-09c8-4e79-9e4b-6ce6b075789a HTTP/1.1" 200 OK
INFO:     127.0.0.1:1311 - "GET /simulation/73e8fc5d-09c8-4e79-9e4b-6ce6b075789a HTTP/1.1" 200 OK
INFO:     127.0.0.1:1311 - "GET /simulation/73e8fc5d-09c8-4e79-9e4b-6ce6b075789a HTTP/1.1" 200 OK
INFO:     127.0.0.1:1311 - "GET /simulation/73e8fc5d-09c8-4e79-9e4b-6ce6b075789a HTTP/1.1" 200 OK
INFO:     127.0.0.1:1311 - "GET /simulation/73e8fc5d-09c8-4e79-9e4b-6ce6b075789a HTTP/1.1" 200 OK
INFO:     127.0.0.1:1311 - "GET /simulation/73e8fc5d-09c8-4e79-9e4b-6ce6b075789a HTTP/1.1" 200 OK
INFO:     127.0.0.1:1311 - "GET /simulation/73e8fc5d-09c8-4e79-9e4b-6ce6b075789a HTTP/1.1" 200 OK
INFO:     127.0.0.1:1311 - "GET /simulation/73e8fc5d-09c8-4e79-9e4b-6ce6b075789a HTTP/1.1" 200 OK
INFO:     127.0.0.1:1311 - "GET /simulation/73e8fc5d-09c8-4e79-9e4b-6ce6b075789a HTTP/1.1" 200 OK
INFO:     127.0.0.1:1311 - "GET /simulation/73e8fc5d-09c8-4e79-9e4b-6ce6b075789a HTTP/1.1" 200 OK
INFO:     127.0.0.1:1311 - "GET /simulation/73e8fc5d-09c8-4e79-9e4b-6ce6b075789a HTTP/1.1" 200 OK
INFO:     127.0.0.1:1311 - "GET /simulation/73e8fc5d-09c8-4e79-9e4b-6ce6b075789a HTTP/1.1" 200 OK
INFO:     127.0.0.1:1311 - "GET /simulation/73e8fc5d-09c8-4e79-9e4b-6ce6b075789a HTTP/1.1" 200 OK
INFO:     127.0.0.1:1311 - "GET /simulation/73e8fc5d-09c8-4e79-9e4b-6ce6b075789a HTTP/1.1" 200 OK
INFO:     127.0.0.1:1311 - "GET /simulation/73e8fc5d-09c8-4e79-9e4b-6ce6b075789a HTTP/1.1" 200 OK
INFO:     127.0.0.1:1311 - "GET /simulation/73e8fc5d-09c8-4e79-9e4b-6ce6b075789a HTTP/1.1" 200 OK
INFO:     127.0.0.1:1311 - "GET /simulation/73e8fc5d-09c8-4e79-9e4b-6ce6b075789a HTTP/1.1" 200 OK
INFO:     127.0.0.1:1311 - "GET /simulation/73e8fc5d-09c8-4e79-9e4b-6ce6b075789a HTTP/1.1" 200 OK
INFO:     127.0.0.1:1311 - "GET /simulation/73e8fc5d-09c8-4e79-9e4b-6ce6b075789a HTTP/1.1" 200 OK
INFO:     127.0.0.1:1311 - "GET /simulation/73e8fc5d-09c8-4e79-9e4b-6ce6b075789a HTTP/1.1" 200 OK
INFO:     127.0.0.1:1311 - "GET /simulation/73e8fc5d-09c8-4e79-9e4b-6ce6b075789a HTTP/1.1" 200 OK
INFO:     127.0.0.1:1311 - "GET /simulation/73e8fc5d-09c8-4e79-9e4b-6ce6b075789a HTTP/1.1" 200 OK
INFO:     127.0.0.1:1311 - "GET /simulation/73e8fc5d-09c8-4e79-9e4b-6ce6b075789a HTTP/1.1" 200 OK
INFO:     127.0.0.1:1311 - "GET /simulation/73e8fc5d-09c8-4e79-9e4b-6ce6b075789a HTTP/1.1" 200 OK
INFO:     127.0.0.1:1311 - "GET /simulation/73e8fc5d-09c8-4e79-9e4b-6ce6b075789a HTTP/1.1" 200 OK
INFO:     127.0.0.1:1311 - "GET /simulation/73e8fc5d-09c8-4e79-9e4b-6ce6b075789a HTTP/1.1" 200 OK
INFO:     127.0.0.1:1311 - "GET /simulation/73e8fc5d-09c8-4e79-9e4b-6ce6b075789a HTTP/1.1" 200 OK
INFO:     127.0.0.1:1311 - "GET /simulation/73e8fc5d-09c8-4e79-9e4b-6ce6b075789a HTTP/1.1" 200 OK
INFO:     127.0.0.1:1311 - "GET /simulation/73e8fc5d-09c8-4e79-9e4b-6ce6b075789a HTTP/1.1" 200 OK
INFO:     127.0.0.1:1311 - "GET /simulation/73e8fc5d-09c8-4e79-9e4b-6ce6b075789a HTTP/1.1" 200 OK
INFO:     127.0.0.1:1311 - "GET /simulation/73e8fc5d-09c8-4e79-9e4b-6ce6b075789a HTTP/1.1" 200 OK
INFO:     127.0.0.1:1311 - "GET /simulation/73e8fc5d-09c8-4e79-9e4b-6ce6b075789a HTTP/1.1" 200 OK
INFO:     127.0.0.1:1311 - "GET /simulation/73e8fc5d-09c8-4e79-9e4b-6ce6b075789a HTTP/1.1" 200 OK
INFO:     127.0.0.1:1311 - "GET /simulation/73e8fc5d-09c8-4e79-9e4b-6ce6b075789a HTTP/1.1" 200 OK
INFO:     127.0.0.1:1311 - "GET /simulation/73e8fc5d-09c8-4e79-9e4b-6ce6b075789a HTTP/1.1" 200 OK
INFO:     127.0.0.1:1311 - "GET /simulation/73e8fc5d-09c8-4e79-9e4b-6ce6b075789a HTTP/1.1" 200 OK
INFO:     127.0.0.1:1311 - "GET /simulation/73e8fc5d-09c8-4e79-9e4b-6ce6b075789a HTTP/1.1" 200 OK
INFO:     127.0.0.1:1311 - "GET /simulation/73e8fc5d-09c8-4e79-9e4b-6ce6b075789a HTTP/1.1" 200 OK
INFO:     127.0.0.1:1311 - "GET /simulation/73e8fc5d-09c8-4e79-9e4b-6ce6b075789a HTTP/1.1" 200 OK
INFO:     127.0.0.1:1311 - "GET /simulation/73e8fc5d-09c8-4e79-9e4b-6ce6b075789a HTTP/1.1" 200 OK
INFO:     127.0.0.1:1311 - "GET /simulation/73e8fc5d-09c8-4e79-9e4b-6ce6b075789a HTTP/1.1" 200 OK
INFO:     127.0.0.1:1311 - "GET /simulation/73e8fc5d-09c8-4e79-9e4b-6ce6b075789a HTTP/1.1" 200 OK
INFO:     127.0.0.1:1311 - "GET /simulation/73e8fc5d-09c8-4e79-9e4b-6ce6b075789a HTTP/1.1" 200 OK
INFO:     127.0.0.1:1311 - "GET /simulation/73e8fc5d-09c8-4e79-9e4b-6ce6b075789a HTTP/1.1" 200 OK
INFO:     127.0.0.1:1311 - "GET /simulation/73e8fc5d-09c8-4e79-9e4b-6ce6b075789a HTTP/1.1" 200 OK
INFO:     127.0.0.1:1311 - "GET /simulation/73e8fc5d-09c8-4e79-9e4b-6ce6b075789a HTTP/1.1" 200 OK
INFO:     127.0.0.1:1311 - "GET /simulation/73e8fc5d-09c8-4e79-9e4b-6ce6b075789a HTTP/1.1" 200 OK
INFO:     127.0.0.1:1311 - "GET /simulation/73e8fc5d-09c8-4e79-9e4b-6ce6b075789a HTTP/1.1" 200 OK
INFO:     127.0.0.1:1311 - "GET /simulation/73e8fc5d-09c8-4e79-9e4b-6ce6b075789a HTTP/1.1" 200 OK
INFO:     127.0.0.1:1311 - "GET /simulation/73e8fc5d-09c8-4e79-9e4b-6ce6b075789a HTTP/1.1" 200 OK
INFO:     127.0.0.1:1311 - "GET /simulation/73e8fc5d-09c8-4e79-9e4b-6ce6b075789a HTTP/1.1" 200 OK
INFO:     127.0.0.1:1311 - "GET /simulation/73e8fc5d-09c8-4e79-9e4b-6ce6b075789a HTTP/1.1" 200 OK
INFO:     127.0.0.1:1311 - "GET /simulation/73e8fc5d-09c8-4e79-9e4b-6ce6b075789a HTTP/1.1" 200 OK
INFO:     127.0.0.1:1311 - "GET /simulation/73e8fc5d-09c8-4e79-9e4b-6ce6b075789a HTTP/1.1" 200 OK
INFO:     127.0.0.1:1311 - "GET /simulation/73e8fc5d-09c8-4e79-9e4b-6ce6b075789a HTTP/1.1" 200 OK
INFO:     127.0.0.1:1311 - "GET /simulation/73e8fc5d-09c8-4e79-9e4b-6ce6b075789a HTTP/1.1" 200 OK
INFO:     127.0.0.1:1311 - "GET /simulation/73e8fc5d-09c8-4e79-9e4b-6ce6b075789a HTTP/1.1" 200 OK
INFO:     127.0.0.1:1311 - "GET /simulation/73e8fc5d-09c8-4e79-9e4b-6ce6b075789a HTTP/1.1" 200 OK
INFO:     127.0.0.1:1311 - "GET /simulation/73e8fc5d-09c8-4e79-9e4b-6ce6b075789a HTTP/1.1" 200 OK
WARNING:  StatReload detected changes in 'backend\app\services\line_bot_service.py'. Reloading...
 INFO:     127.0.0.1:1311 - "GET /simulation/73e8fc5d-09c8-4e79-9e4b-6ce6b075789a HTTP/1.1" 200 OK
INFO:     127.0.0.1:1311 - "GET /simulation/73e8fc5d-09c8-4e79-9e4b-6ce6b075789a HTTP/1.1" 200 OK
INFO:     127.0.0.1:1311 - "GET /simulation/73e8fc5d-09c8-4e79-9e4b-6ce6b075789a HTTP/1.1" 200 OK
INFO:     127.0.0.1:1311 - "GET /simulation/73e8fc5d-09c8-4e79-9e4b-6ce6b075789a HTTP/1.1" 200 OK
INFO:     127.0.0.1:1311 - "GET /simulation/73e8fc5d-09c8-4e79-9e4b-6ce6b075789a HTTP/1.1" 200 OK
INFO:     127.0.0.1:1311 - "GET /simulation/73e8fc5d-09c8-4e79-9e4b-6ce6b075789a HTTP/1.1" 200 OK
^C^CTerminate batch job (Y/N)? 
